<?xml version="1.0" encoding="UTF-8"?>
<!-- Generated by org.testng.reporters.JUnitReportReporter -->
<testsuite hostname="DUC-LAn20q3gaZ3" failures="0" tests="1" name="RegistrationPage.TC_17" time="10.273" errors="0" timestamp="2025-08-05T12:19:33 IST" skipped="0">
  <testcase classname="RegistrationPage.TC_17" name="verifyBlankSpace" time="10.273"/>
</testsuite> <!-- RegistrationPage.TC_17 -->
