<?xml version="1.0" encoding="UTF-8"?>
<!-- Generated by org.testng.reporters.JUnitReportReporter -->
<testsuite hostname="DUC-LAn20q3gaZ3" failures="0" tests="1" name="RegistrationPage.TC_12" time="29.467" errors="0" timestamp="2025-07-27T17:18:29 IST" skipped="0">
  <testcase classname="RegistrationPage.TC_12" name="getTabActionResult" time="29.467"/>
</testsuite> <!-- RegistrationPage.TC_12 -->
