<?xml version="1.0" encoding="UTF-8"?>
<!-- Generated by org.testng.reporters.JUnitReportReporter -->
<testsuite hostname="DUC-LAn20q3gaZ3" failures="0" tests="1" name="RegistrationPage.TC_27" time="26.904" errors="0" timestamp="2025-08-26T18:38:40 IST" skipped="0">
  <testcase classname="RegistrationPage.TC_27" name="verifyTakesscreen" time="26.904"/>
</testsuite> <!-- RegistrationPage.TC_27 -->
