<?xml version="1.0" encoding="UTF-8"?>
<!-- Generated by org.testng.reporters.JUnitReportReporter -->
<testsuite hostname="DUC-LAn20q3gaZ3" failures="0" tests="1" name="RegistrationPage.TC_21" time="6.414" errors="0" timestamp="2025-08-14T19:36:05 IST" skipped="0">
  <testcase classname="RegistrationPage.TC_21" name="verfiyPrivacyPolicyButton" time="6.414"/>
</testsuite> <!-- RegistrationPage.TC_21 -->
