<?xml version="1.0" encoding="UTF-8"?>
<!-- Generated by org.testng.reporters.JUnitReportReporter -->
<testsuite hostname="DUC-LAn20q3gaZ3" failures="0" tests="1" name="RegistrationPage.TC_08" time="8.520" errors="0" timestamp="2025-07-21T18:27:08 IST" skipped="0">
  <testcase classname="RegistrationPage.TC_08" name="getWrongPassowrd" time="8.520"/>
</testsuite> <!-- RegistrationPage.TC_08 -->
