<?xml version="1.0" encoding="UTF-8"?>
<!-- Generated by org.testng.reporters.JUnitReportReporter -->
<testsuite hostname="DUC-LAn20q3gaZ3" failures="0" tests="1" name="RegistrationPage.TC_07" time="7.619" errors="0" timestamp="2025-07-21T16:52:50 IST" skipped="0">
  <testcase classname="RegistrationPage.TC_07" name="getRegistrationPage" time="7.619"/>
</testsuite> <!-- RegistrationPage.TC_07 -->
