<?xml version="1.0" encoding="UTF-8"?>
<!-- Generated by org.testng.reporters.JUnitReportReporter -->
<testsuite hostname="DUC-LAn20q3gaZ3" failures="0" tests="2" name="RegistrationPage.TC_31" time="0.803" errors="0" timestamp="2025-09-04T16:30:30 IST" skipped="0">
  <testcase classname="RegistrationPage.TC_31" name="homePage" time="0.029"/>
  <testcase classname="RegistrationPage.TC_31" name="loginPage" time="0.774"/>
</testsuite> <!-- RegistrationPage.TC_31 -->
