<?xml version="1.0" encoding="UTF-8"?>
<!-- Generated by org.testng.reporters.JUnitReportReporter -->
<testsuite hostname="DUC-LAn20q3gaZ3" failures="0" tests="1" name="RegistrationPage.TC_26" time="8.353" errors="0" timestamp="2025-08-25T16:41:07 IST" skipped="0">
  <testcase classname="RegistrationPage.TC_26" name="verifyRegisterPage" time="8.353"/>
</testsuite> <!-- RegistrationPage.TC_26 -->
