<?xml version="1.0" encoding="UTF-8"?>
<!-- Generated by org.testng.reporters.JUnitReportReporter -->
<testsuite hostname="DUC-LAn20q3gaZ3" failures="0" tests="1" name="RegistrationPage.TC_18" time="9.248" errors="0" timestamp="2025-08-06T18:50:37 IST" skipped="0">
  <testcase classname="RegistrationPage.TC_18" name="getRegisterFromOracleDatabase" time="9.248"/>
</testsuite> <!-- RegistrationPage.TC_18 -->
