<?xml version="1.0" encoding="UTF-8"?>
<!-- Generated by org.testng.reporters.JUnitReportReporter -->
<testsuite hostname="DUC-LAn20q3gaZ3" failures="0" tests="1" name="RegistrationPage.TC_29" time="10.794" errors="0" timestamp="2025-09-04T15:39:44 IST" skipped="0">
  <testcase classname="RegistrationPage.TC_29" name="comapreImage" time="10.794"/>
</testsuite> <!-- RegistrationPage.TC_29 -->
