<?xml version="1.0" encoding="UTF-8"?>
<!-- Generated by org.testng.reporters.JUnitReportReporter -->
<testsuite hostname="DUC-LAn20q3gaZ3" failures="0" tests="1" name="RegistrationPage.TC_19" time="11.753" errors="0" timestamp="2025-08-08T18:22:42 IST" skipped="0">
  <testcase classname="RegistrationPage.TC_19" name="verifyTextualData" time="11.753"/>
</testsuite> <!-- RegistrationPage.TC_19 -->
