<?xml version="1.0" encoding="UTF-8"?>
<!-- Generated by org.testng.reporters.JUnitReportReporter -->
<testsuite hostname="DUC-LAn20q3gaZ3" failures="0" tests="1" name="RegistrationPage.TC_28" time="11.812" errors="0" timestamp="2025-08-29T15:13:30 IST" skipped="0">
  <testcase classname="RegistrationPage.TC_28" name="verifyRegisterPageDiffEnv" time="11.812"/>
</testsuite> <!-- RegistrationPage.TC_28 -->
