<?xml version="1.0" encoding="UTF-8"?>
<!-- Generated by org.testng.reporters.JUnitReportReporter -->
<testsuite hostname="DUC-LAn20q3gaZ3" failures="0" tests="1" name="RegistrationPage.TC_11" time="8.496" errors="0" timestamp="2025-07-24T20:14:57 IST" skipped="0">
  <testcase classname="RegistrationPage.TC_11" name="getNotValidPhoneNumber" time="8.496"/>
</testsuite> <!-- RegistrationPage.TC_11 -->
