<?xml version="1.0" encoding="UTF-8"?>
<!-- Generated by org.testng.reporters.JUnitReportReporter -->
<testsuite hostname="DUC-LAn20q3gaZ3" failures="0" tests="1" name="RegistrationPage.TC_22" time="11.127" errors="0" timestamp="2025-08-18T19:00:42 IST" skipped="0">
  <testcase classname="RegistrationPage.TC_22" name="verfiyToggledButton" time="11.127"/>
</testsuite> <!-- RegistrationPage.TC_22 -->
