<?xml version="1.0" encoding="UTF-8"?>
<!-- Generated by org.testng.reporters.JUnitReportReporter -->
<testsuite hostname="DUC-LAn20q3gaZ3" failures="0" tests="1" name="RegistrationPage.TC_04" time="10.123" errors="0" timestamp="2025-07-17T19:23:42 IST" skipped="0">
  <testcase classname="RegistrationPage.TC_04" name="registerNonSubscriber" time="10.123"/>
</testsuite> <!-- RegistrationPage.TC_04 -->
