<?xml version="1.0" encoding="UTF-8"?>
<!-- Generated by org.testng.reporters.JUnitReportReporter -->
<testsuite hostname="DUC-LAn20q3gaZ3" failures="0" tests="1" name="RegistrationPage.TC_01" time="45.335" errors="0" timestamp="2025-08-29T15:51:24 IST" skipped="0">
  <testcase classname="RegistrationPage.TC_01" name="getRegister" time="45.335"/>
</testsuite> <!-- RegistrationPage.TC_01 -->
