<?xml version="1.0" encoding="UTF-8"?>
<!-- Generated by org.testng.reporters.JUnitReportReporter -->
<testsuite hostname="DUC-LAn20q3gaZ3" failures="0" tests="1" name="RegistrationPage.TC_23" time="14.237" errors="0" timestamp="2025-09-03T19:03:48 IST" skipped="0">
  <testcase classname="RegistrationPage.TC_23" name="verfiyNextPageLocation" time="14.237"/>
</testsuite> <!-- RegistrationPage.TC_23 -->
