<?xml version="1.0" encoding="UTF-8"?>
<!-- Generated by org.testng.reporters.JUnitReportReporter -->
<testsuite hostname="DUC-LAn20q3gaZ3" failures="0" tests="1" name="RegistrationPage.TC_06" time="9.829" errors="0" timestamp="2025-07-17T18:59:06 IST" skipped="0">
  <testcase classname="RegistrationPage.TC_06" name="registerNonSubscriber" time="9.829"/>
</testsuite> <!-- RegistrationPage.TC_06 -->
