<?xml version="1.0" encoding="UTF-8"?>
<!-- Generated by org.testng.reporters.JUnitReportReporter -->
<testsuite hostname="DUC-LAn20q3gaZ3" failures="0" tests="1" name="RegistrationPage.TC_14" time="6.681" errors="0" timestamp="2025-07-31T18:47:15 IST" skipped="0">
  <testcase classname="RegistrationPage.TC_14" name="getVerifyLabelWithColor" time="6.681"/>
</testsuite> <!-- RegistrationPage.TC_14 -->
