<?xml version="1.0" encoding="UTF-8"?>
<!-- Generated by org.testng.reporters.JUnitReportReporter -->
<testsuite hostname="DUC-LAn20q3gaZ3" failures="0" tests="1" name="RegistrationPage.TC_13" time="13.941" errors="0" timestamp="2025-07-31T16:59:21 IST" skipped="0">
  <testcase classname="RegistrationPage.TC_13" name="getVerificationUnderPlaceHolder" time="13.941"/>
</testsuite> <!-- RegistrationPage.TC_13 -->
