<?xml version="1.0" encoding="UTF-8"?>
<!-- Generated by org.testng.reporters.JUnitReportReporter -->
<testsuite hostname="DUC-LAn20q3gaZ3" failures="0" tests="1" name="RegistrationPage.TC_25" time="9.572" errors="0" timestamp="2025-08-25T14:33:12 IST" skipped="0">
  <testcase classname="RegistrationPage.TC_25" name="verifyRegisterPage" time="9.572"/>
</testsuite> <!-- RegistrationPage.TC_25 -->
