<?xml version="1.0" encoding="UTF-8"?>
<!-- Generated by org.testng.reporters.JUnitReportReporter -->
<testsuite hostname="DUC-LAn20q3gaZ3" failures="0" tests="1" name="register.TC_01" time="8.813" errors="0" timestamp="2025-07-03T18:24:16 IST" skipped="0">
  <testcase classname="register.TC_01" name="getRegister" time="8.813"/>
</testsuite> <!-- register.TC_01 -->
